[DEBUG][INFO][2017-03-15 09:51:23][Crontab Initialing]
[DEBUG][INFO][2017-03-15 09:51:23][Crontab Lock Setting]
[DEBUG][INFO][2017-03-15 09:51:23][Crontab Lock Set Done]
[DEBUG][INFO][2017-03-15 09:51:23][Crontab Log Initialing]
[DEBUG][INFO][2017-03-15 09:51:23][Crontab Log Initial Done]
[DEBUG][INFO][2017-03-15 09:51:23][[Crontab.py PID] 113253]
[DEBUG][INFO][2017-03-15 09:51:23][Crontab Log Rotate Starting]
[DEBUG][INFO][2017-03-15 09:51:23][Crontab Log Set Starting]
[DEBUG][INFO][2017-03-15 09:51:23][Crontab Log Set Done]
[DEBUG][INFO][2017-03-15 09:51:23][Crontab Log Rotate Done]
[DEBUG][INFO][2017-03-15 09:51:23][Crontab Getting Systime]
[DEBUG][INFO][2017-03-15 09:51:23][Crontab Get Systime Done]
[DEBUG][INFO][2017-03-15 09:51:23][Crontab CFG Reading]
[DEBUG][INFO][2017-03-15 09:51:23][Crontab CFG Read Done]
[DEBUG][INFO][2017-03-15 09:51:23][Crontab CFG Checking]
[DEBUG][INFO][2017-03-15 09:51:23][Crontab CFG Check Done]
[DEBUG][INFO][2017-03-15 09:51:23][Crontab Initial Done]
[DEBUG][INFO][2017-03-15 09:51:23][Crontab Running]
[DEBUG][INFO][2017-03-15 09:51:23][[113260][Process-1][True]]
[DEBUG][INFO][2017-03-15 09:51:23][Crontab Done]
[DEBUG][INFO][2017-03-15 09:51:23][Crontab Running Command]
[DEBUG][INFO][2017-03-15 09:51:23][[CMD] su - root -c "echo \"hello world\"" &]
[DEBUG][INFO][2017-03-15 09:51:23][Crontab Run [su - root -c "echo \"hello world\"" &] Done]
[DEBUG][INFO][2017-03-15 09:51:24][Crontab Log Rotate Starting]
[DEBUG][INFO][2017-03-15 09:51:24][Crontab Log Set Starting]
[DEBUG][INFO][2017-03-15 09:51:24][Crontab Log Set Done]
[DEBUG][INFO][2017-03-15 09:51:24][Crontab Log Rotate Done]
[DEBUG][INFO][2017-03-15 09:51:24][Crontab Getting Systime]
[DEBUG][INFO][2017-03-15 09:51:24][Crontab Get Systime Done]
[DEBUG][INFO][2017-03-15 09:51:24][Crontab CFG Reading]
[DEBUG][INFO][2017-03-15 09:51:24][Crontab CFG Read Done]
[DEBUG][INFO][2017-03-15 09:51:24][Crontab CFG Checking]
[DEBUG][INFO][2017-03-15 09:51:24][Crontab CFG Check Done]
[DEBUG][INFO][2017-03-15 09:51:24][Crontab Initial Done]
[DEBUG][INFO][2017-03-15 09:51:24][Crontab Running]
[DEBUG][INFO][2017-03-15 09:51:24][[113278][Process-2][True]]
[DEBUG][INFO][2017-03-15 09:51:24][Crontab Done]
[DEBUG][INFO][2017-03-15 09:51:24][Crontab Running Command]
[DEBUG][INFO][2017-03-15 09:51:24][[CMD] su - root -c "echo \"hello world\"" &]
[DEBUG][INFO][2017-03-15 09:51:24][Crontab Run [su - root -c "echo \"hello world\"" &] Done]
[DEBUG][INFO][2017-03-15 09:51:25][Crontab Log Rotate Starting]
[DEBUG][INFO][2017-03-15 09:51:25][Crontab Log Set Starting]
[DEBUG][INFO][2017-03-15 09:51:25][Crontab Log Set Done]
[DEBUG][INFO][2017-03-15 09:51:25][Crontab Log Rotate Done]
[DEBUG][INFO][2017-03-15 09:51:25][Crontab Getting Systime]
[DEBUG][INFO][2017-03-15 09:51:25][Crontab Get Systime Done]
[DEBUG][INFO][2017-03-15 09:51:25][Crontab CFG Reading]
[DEBUG][INFO][2017-03-15 09:51:25][Crontab CFG Read Done]
[DEBUG][INFO][2017-03-15 09:51:25][Crontab CFG Checking]
[DEBUG][INFO][2017-03-15 09:51:25][Crontab CFG Check Done]
[DEBUG][INFO][2017-03-15 09:51:25][Crontab Initial Done]
[DEBUG][INFO][2017-03-15 09:51:25][Crontab Running]
[DEBUG][INFO][2017-03-15 09:51:25][[113296][Process-3][True]]
[DEBUG][INFO][2017-03-15 09:51:25][Crontab Done]
[DEBUG][INFO][2017-03-15 09:51:25][Crontab Running Command]
[DEBUG][INFO][2017-03-15 09:51:25][[CMD] su - root -c "echo \"hello world\"" &]
[DEBUG][INFO][2017-03-15 09:51:25][Crontab Run [su - root -c "echo \"hello world\"" &] Done]
[DEBUG][INFO][2017-03-15 09:51:26][Crontab Log Rotate Starting]
[DEBUG][INFO][2017-03-15 09:51:26][Crontab Log Set Starting]
[DEBUG][INFO][2017-03-15 09:51:26][Crontab Log Set Done]
[DEBUG][INFO][2017-03-15 09:51:26][Crontab Log Rotate Done]
[DEBUG][INFO][2017-03-15 09:51:26][Crontab Getting Systime]
[DEBUG][INFO][2017-03-15 09:51:26][Crontab Get Systime Done]
[DEBUG][INFO][2017-03-15 09:51:26][Crontab CFG Reading]
[DEBUG][INFO][2017-03-15 09:51:26][Crontab CFG Read Done]
[DEBUG][INFO][2017-03-15 09:51:26][Crontab CFG Checking]
[DEBUG][INFO][2017-03-15 09:51:26][Crontab CFG Check Done]
[DEBUG][INFO][2017-03-15 09:51:26][Crontab Initial Done]
[DEBUG][INFO][2017-03-15 09:51:26][Crontab Running]
[DEBUG][INFO][2017-03-15 09:51:26][[113349][Process-4][True]]
[DEBUG][INFO][2017-03-15 09:51:26][Crontab Done]
[DEBUG][INFO][2017-03-15 09:51:26][Crontab Running Command]
[DEBUG][INFO][2017-03-15 09:51:26][[CMD] su - root -c "echo \"hello world\"" &]
[DEBUG][INFO][2017-03-15 09:51:26][Crontab Run [su - root -c "echo \"hello world\"" &] Done]
[DEBUG][INFO][2017-03-15 09:51:27][Crontab Log Rotate Starting]
[DEBUG][INFO][2017-03-15 09:51:27][Crontab Log Set Starting]
[DEBUG][INFO][2017-03-15 09:51:27][Crontab Log Set Done]
[DEBUG][INFO][2017-03-15 09:51:27][Crontab Log Rotate Done]
[DEBUG][INFO][2017-03-15 09:51:27][Crontab Getting Systime]
[DEBUG][INFO][2017-03-15 09:51:27][Crontab Get Systime Done]
[DEBUG][INFO][2017-03-15 09:51:27][Crontab CFG Reading]
[DEBUG][INFO][2017-03-15 09:51:27][Crontab CFG Read Done]
[DEBUG][INFO][2017-03-15 09:51:27][Crontab CFG Checking]
[DEBUG][INFO][2017-03-15 09:51:27][Crontab CFG Check Done]
[DEBUG][INFO][2017-03-15 09:51:27][Crontab Initial Done]
[DEBUG][INFO][2017-03-15 09:51:27][Crontab Running]
[DEBUG][INFO][2017-03-15 09:51:27][[113489][Process-5][True]]
[DEBUG][INFO][2017-03-15 09:51:27][Crontab Done]
[DEBUG][INFO][2017-03-15 09:51:27][Crontab Running Command]
[DEBUG][INFO][2017-03-15 09:51:27][[CMD] su - root -c "echo \"hello world\"" &]
[DEBUG][INFO][2017-03-15 09:51:27][Crontab Run [su - root -c "echo \"hello world\"" &] Done]
[DEBUG][INFO][2017-03-15 09:51:28][Crontab Log Rotate Starting]
[DEBUG][INFO][2017-03-15 09:51:28][Crontab Log Set Starting]
[DEBUG][INFO][2017-03-15 09:51:28][Crontab Log Set Done]
[DEBUG][INFO][2017-03-15 09:51:28][Crontab Log Rotate Done]
[DEBUG][INFO][2017-03-15 09:51:28][Crontab Getting Systime]
[DEBUG][INFO][2017-03-15 09:51:28][Crontab Get Systime Done]
[DEBUG][INFO][2017-03-15 09:51:28][Crontab CFG Reading]
[DEBUG][INFO][2017-03-15 09:51:28][Crontab CFG Read Done]
[DEBUG][INFO][2017-03-15 09:51:28][Crontab CFG Checking]
[DEBUG][INFO][2017-03-15 09:51:28][Crontab CFG Check Done]
[DEBUG][INFO][2017-03-15 09:51:28][Crontab Initial Done]
[DEBUG][INFO][2017-03-15 09:51:28][Crontab Running]
[DEBUG][INFO][2017-03-15 09:51:28][[113588][Process-6][True]]
[DEBUG][INFO][2017-03-15 09:51:28][Crontab Done]
[DEBUG][INFO][2017-03-15 09:51:28][Crontab Running Command]
[DEBUG][INFO][2017-03-15 09:51:28][[CMD] su - root -c "echo \"hello world\"" &]
[DEBUG][INFO][2017-03-15 09:51:28][Crontab Run [su - root -c "echo \"hello world\"" &] Done]
[DEBUG][INFO][2017-03-15 09:51:29][Crontab Log Rotate Starting]
[DEBUG][INFO][2017-03-15 09:51:29][Crontab Log Set Starting]
[DEBUG][INFO][2017-03-15 09:51:29][Crontab Log Set Done]
[DEBUG][INFO][2017-03-15 09:51:29][Crontab Log Rotate Done]
[DEBUG][INFO][2017-03-15 09:51:29][Crontab Getting Systime]
[DEBUG][INFO][2017-03-15 09:51:29][Crontab Get Systime Done]
[DEBUG][INFO][2017-03-15 09:51:29][Crontab CFG Reading]
[DEBUG][INFO][2017-03-15 09:51:29][Crontab CFG Read Done]
[DEBUG][INFO][2017-03-15 09:51:29][Crontab CFG Checking]
[DEBUG][INFO][2017-03-15 09:51:29][Crontab CFG Check Done]
[DEBUG][INFO][2017-03-15 09:51:29][Crontab Initial Done]
[DEBUG][INFO][2017-03-15 09:51:29][Crontab Running]
[DEBUG][INFO][2017-03-15 09:51:29][[113611][Process-7][True]]
[DEBUG][INFO][2017-03-15 09:51:29][Crontab Done]
[DEBUG][INFO][2017-03-15 09:51:29][Crontab Running Command]
[DEBUG][INFO][2017-03-15 09:51:29][[CMD] su - root -c "echo \"hello world\"" &]
[DEBUG][INFO][2017-03-15 09:51:30][Crontab Run [su - root -c "echo \"hello world\"" &] Done]
[DEBUG][INFO][2017-03-15 09:51:31][Crontab Log Rotate Starting]
[DEBUG][INFO][2017-03-15 09:51:31][Crontab Log Set Starting]
[DEBUG][INFO][2017-03-15 09:51:31][Crontab Log Set Done]
[DEBUG][INFO][2017-03-15 09:51:31][Crontab Log Rotate Done]
[DEBUG][INFO][2017-03-15 09:51:31][Crontab Getting Systime]
[DEBUG][INFO][2017-03-15 09:51:31][Crontab Get Systime Done]
[DEBUG][INFO][2017-03-15 09:51:31][Crontab CFG Reading]
[DEBUG][INFO][2017-03-15 09:51:31][Crontab CFG Read Done]
[DEBUG][INFO][2017-03-15 09:51:31][Crontab CFG Checking]
[DEBUG][INFO][2017-03-15 09:51:31][Crontab CFG Check Done]
[DEBUG][INFO][2017-03-15 09:51:31][Crontab Initial Done]
[DEBUG][INFO][2017-03-15 09:51:31][Crontab Running]
[DEBUG][INFO][2017-03-15 09:51:31][[113653][Process-8][True]]
[DEBUG][INFO][2017-03-15 09:51:31][Crontab Done]
[DEBUG][INFO][2017-03-15 09:51:31][Crontab Running Command]
[DEBUG][INFO][2017-03-15 09:51:31][[CMD] su - root -c "echo \"hello world\"" &]
[DEBUG][INFO][2017-03-15 09:51:31][Crontab Run [su - root -c "echo \"hello world\"" &] Done]
[DEBUG][INFO][2017-03-15 09:51:32][Crontab Log Rotate Starting]
[DEBUG][INFO][2017-03-15 09:51:32][Crontab Log Set Starting]
[DEBUG][INFO][2017-03-15 09:51:32][Crontab Log Set Done]
[DEBUG][INFO][2017-03-15 09:51:32][Crontab Log Rotate Done]
[DEBUG][INFO][2017-03-15 09:51:32][Crontab Getting Systime]
[DEBUG][INFO][2017-03-15 09:51:32][Crontab Get Systime Done]
[DEBUG][INFO][2017-03-15 09:51:32][Crontab CFG Reading]
[DEBUG][INFO][2017-03-15 09:51:32][Crontab CFG Read Done]
[DEBUG][INFO][2017-03-15 09:51:32][Crontab CFG Checking]
[DEBUG][INFO][2017-03-15 09:51:32][Crontab CFG Check Done]
[DEBUG][INFO][2017-03-15 09:51:32][Crontab Initial Done]
[DEBUG][INFO][2017-03-15 09:51:32][Crontab Running]
[DEBUG][INFO][2017-03-15 09:51:32][[113677][Process-9][True]]
[DEBUG][INFO][2017-03-15 09:51:32][Crontab Done]
[DEBUG][INFO][2017-03-15 09:51:32][Crontab Running Command]
[DEBUG][INFO][2017-03-15 09:51:32][[CMD] su - root -c "echo \"hello world\"" &]
[DEBUG][INFO][2017-03-15 09:51:32][Crontab Run [su - root -c "echo \"hello world\"" &] Done]
[DEBUG][INFO][2017-03-15 09:51:33][Crontab Log Rotate Starting]
[DEBUG][INFO][2017-03-15 09:51:33][Crontab Log Set Starting]
[DEBUG][INFO][2017-03-15 09:51:33][Crontab Log Set Done]
[DEBUG][INFO][2017-03-15 09:51:33][Crontab Log Rotate Done]
[DEBUG][INFO][2017-03-15 09:51:33][Crontab Getting Systime]
[DEBUG][INFO][2017-03-15 09:51:33][Crontab Get Systime Done]
[DEBUG][INFO][2017-03-15 09:51:33][Crontab CFG Reading]
[DEBUG][INFO][2017-03-15 09:51:33][Crontab CFG Read Done]
[DEBUG][INFO][2017-03-15 09:51:33][Crontab CFG Checking]
[DEBUG][INFO][2017-03-15 09:51:33][Crontab CFG Check Done]
[DEBUG][INFO][2017-03-15 09:51:33][Crontab Initial Done]
[DEBUG][INFO][2017-03-15 09:51:33][Crontab Running]
[DEBUG][INFO][2017-03-15 09:51:33][[113725][Process-10][True]]
[DEBUG][INFO][2017-03-15 09:51:33][Crontab Done]
[DEBUG][INFO][2017-03-15 09:51:33][Crontab Running Command]
[DEBUG][INFO][2017-03-15 09:51:33][[CMD] su - root -c "echo \"hello world\"" &]
[DEBUG][INFO][2017-03-15 09:51:33][Crontab Run [su - root -c "echo \"hello world\"" &] Done]
[DEBUG][INFO][2017-03-15 09:51:34][Crontab Log Rotate Starting]
[DEBUG][INFO][2017-03-15 09:51:34][Crontab Log Set Starting]
[DEBUG][INFO][2017-03-15 09:51:34][Crontab Log Set Done]
[DEBUG][INFO][2017-03-15 09:51:34][Crontab Log Rotate Done]
[DEBUG][INFO][2017-03-15 09:51:34][Crontab Getting Systime]
[DEBUG][INFO][2017-03-15 09:51:34][Crontab Get Systime Done]
[DEBUG][INFO][2017-03-15 09:51:34][Crontab CFG Reading]
[DEBUG][INFO][2017-03-15 09:51:34][Crontab CFG Read Done]
[DEBUG][INFO][2017-03-15 09:51:34][Crontab CFG Checking]
[DEBUG][INFO][2017-03-15 09:51:34][Crontab CFG Check Done]
[DEBUG][INFO][2017-03-15 09:51:34][Crontab Initial Done]
[DEBUG][INFO][2017-03-15 09:51:34][Crontab Running]
[DEBUG][INFO][2017-03-15 09:51:34][[113755][Process-11][True]]
[DEBUG][INFO][2017-03-15 09:51:34][Crontab Done]
[DEBUG][INFO][2017-03-15 09:51:34][Crontab Running Command]
[DEBUG][INFO][2017-03-15 09:51:34][[CMD] su - root -c "echo \"hello world\"" &]
[DEBUG][INFO][2017-03-15 09:51:34][Crontab Run [su - root -c "echo \"hello world\"" &] Done]
[DEBUG][INFO][2017-03-15 09:51:35][Crontab Log Rotate Starting]
[DEBUG][INFO][2017-03-15 09:51:35][Crontab Log Set Starting]
[DEBUG][INFO][2017-03-15 09:51:35][Crontab Log Set Done]
[DEBUG][INFO][2017-03-15 09:51:35][Crontab Log Rotate Done]
[DEBUG][INFO][2017-03-15 09:51:35][Crontab Getting Systime]
[DEBUG][INFO][2017-03-15 09:51:35][Crontab Get Systime Done]
[DEBUG][INFO][2017-03-15 09:51:35][Crontab CFG Reading]
[DEBUG][INFO][2017-03-15 09:51:35][Crontab CFG Read Done]
[DEBUG][INFO][2017-03-15 09:51:35][Crontab CFG Checking]
[DEBUG][INFO][2017-03-15 09:51:35][Crontab CFG Check Done]
[DEBUG][INFO][2017-03-15 09:51:35][Crontab Initial Done]
[DEBUG][INFO][2017-03-15 09:51:35][Crontab Running]
[DEBUG][INFO][2017-03-15 09:51:35][[113842][Process-12][True]]
[DEBUG][INFO][2017-03-15 09:51:35][Crontab Done]
[DEBUG][INFO][2017-03-15 09:51:35][Crontab Running Command]
[DEBUG][INFO][2017-03-15 09:51:35][[CMD] su - root -c "echo \"hello world\"" &]
[DEBUG][INFO][2017-03-15 09:51:35][Crontab Run [su - root -c "echo \"hello world\"" &] Done]
[DEBUG][INFO][2017-03-15 09:51:36][Crontab Log Rotate Starting]
[DEBUG][INFO][2017-03-15 09:51:36][Crontab Log Set Starting]
[DEBUG][INFO][2017-03-15 09:51:36][Crontab Log Set Done]
[DEBUG][INFO][2017-03-15 09:51:36][Crontab Log Rotate Done]
[DEBUG][INFO][2017-03-15 09:51:36][Crontab Getting Systime]
[DEBUG][INFO][2017-03-15 09:51:36][Crontab Get Systime Done]
[DEBUG][INFO][2017-03-15 09:51:36][Crontab CFG Reading]
[DEBUG][INFO][2017-03-15 09:51:36][Crontab CFG Read Done]
[DEBUG][INFO][2017-03-15 09:51:36][Crontab CFG Checking]
[DEBUG][INFO][2017-03-15 09:51:36][Crontab CFG Check Done]
[DEBUG][INFO][2017-03-15 09:51:36][Crontab Initial Done]
[DEBUG][INFO][2017-03-15 09:51:36][Crontab Running]
[DEBUG][INFO][2017-03-15 09:51:36][[114062][Process-13][True]]
[DEBUG][INFO][2017-03-15 09:51:36][Crontab Done]
[DEBUG][INFO][2017-03-15 09:51:36][Crontab Running Command]
[DEBUG][INFO][2017-03-15 09:51:36][[CMD] su - root -c "echo \"hello world\"" &]
[DEBUG][INFO][2017-03-15 09:51:36][Crontab Run [su - root -c "echo \"hello world\"" &] Done]
[DEBUG][INFO][2017-03-15 09:51:37][Crontab Log Rotate Starting]
[DEBUG][INFO][2017-03-15 09:51:37][Crontab Log Set Starting]
[DEBUG][INFO][2017-03-15 09:51:37][Crontab Log Set Done]
[DEBUG][INFO][2017-03-15 09:51:37][Crontab Log Rotate Done]
[DEBUG][INFO][2017-03-15 09:51:37][Crontab Getting Systime]
[DEBUG][INFO][2017-03-15 09:51:37][Crontab Get Systime Done]
[DEBUG][INFO][2017-03-15 09:51:37][Crontab CFG Reading]
[DEBUG][INFO][2017-03-15 09:51:37][Crontab CFG Read Done]
[DEBUG][INFO][2017-03-15 09:51:37][Crontab CFG Checking]
[DEBUG][INFO][2017-03-15 09:51:37][Crontab CFG Check Done]
[DEBUG][INFO][2017-03-15 09:51:37][Crontab Initial Done]
[DEBUG][INFO][2017-03-15 09:51:37][Crontab Running]
[DEBUG][INFO][2017-03-15 09:51:37][[114086][Process-14][True]]
[DEBUG][INFO][2017-03-15 09:51:37][Crontab Done]
[DEBUG][INFO][2017-03-15 09:51:37][Crontab Running Command]
[DEBUG][INFO][2017-03-15 09:51:37][[CMD] su - root -c "echo \"hello world\"" &]
[DEBUG][INFO][2017-03-15 09:51:37][Crontab Run [su - root -c "echo \"hello world\"" &] Done]
[DEBUG][INFO][2017-03-15 09:51:38][Crontab Log Rotate Starting]
[DEBUG][INFO][2017-03-15 09:51:38][Crontab Log Set Starting]
[DEBUG][INFO][2017-03-15 09:51:38][Crontab Log Set Done]
[DEBUG][INFO][2017-03-15 09:51:38][Crontab Log Rotate Done]
[DEBUG][INFO][2017-03-15 09:51:38][Crontab Getting Systime]
[DEBUG][INFO][2017-03-15 09:51:38][Crontab Get Systime Done]
[DEBUG][INFO][2017-03-15 09:51:38][Crontab CFG Reading]
[DEBUG][INFO][2017-03-15 09:51:38][Crontab CFG Read Done]
[DEBUG][INFO][2017-03-15 09:51:38][Crontab CFG Checking]
[DEBUG][INFO][2017-03-15 09:51:38][Crontab CFG Check Done]
[DEBUG][INFO][2017-03-15 09:51:38][Crontab Initial Done]
[DEBUG][INFO][2017-03-15 09:51:38][Crontab Running]
[DEBUG][INFO][2017-03-15 09:51:38][[114109][Process-15][True]]
[DEBUG][INFO][2017-03-15 09:51:38][Crontab Done]
[DEBUG][INFO][2017-03-15 09:51:38][Crontab Running Command]
[DEBUG][INFO][2017-03-15 09:51:38][[CMD] su - root -c "echo \"hello world\"" &]
[DEBUG][INFO][2017-03-15 09:51:38][Crontab Run [su - root -c "echo \"hello world\"" &] Done]
[DEBUG][INFO][2017-03-15 09:51:39][Crontab Log Rotate Starting]
[DEBUG][INFO][2017-03-15 09:51:39][Crontab Log Set Starting]
[DEBUG][INFO][2017-03-15 09:51:39][Crontab Log Set Done]
[DEBUG][INFO][2017-03-15 09:51:39][Crontab Log Rotate Done]
[DEBUG][INFO][2017-03-15 09:51:39][Crontab Getting Systime]
[DEBUG][INFO][2017-03-15 09:51:39][Crontab Get Systime Done]
[DEBUG][INFO][2017-03-15 09:51:39][Crontab CFG Reading]
[DEBUG][INFO][2017-03-15 09:51:39][Crontab CFG Read Done]
[DEBUG][INFO][2017-03-15 09:51:39][Crontab CFG Checking]
[DEBUG][INFO][2017-03-15 09:51:39][Crontab CFG Check Done]
[DEBUG][INFO][2017-03-15 09:51:39][Crontab Initial Done]
[DEBUG][INFO][2017-03-15 09:51:39][Crontab Running]
[DEBUG][INFO][2017-03-15 09:51:39][[114174][Process-16][True]]
[DEBUG][INFO][2017-03-15 09:51:39][Crontab Done]
[DEBUG][INFO][2017-03-15 09:51:39][Crontab Running Command]
[DEBUG][INFO][2017-03-15 09:51:39][[CMD] su - root -c "echo \"hello world\"" &]
[DEBUG][INFO][2017-03-15 09:51:39][Crontab Run [su - root -c "echo \"hello world\"" &] Done]
[DEBUG][INFO][2017-03-15 09:51:40][Crontab Log Rotate Starting]
[DEBUG][INFO][2017-03-15 09:51:40][Crontab Log Set Starting]
[DEBUG][INFO][2017-03-15 09:51:40][Crontab Log Set Done]
[DEBUG][INFO][2017-03-15 09:51:40][Crontab Log Rotate Done]
[DEBUG][INFO][2017-03-15 09:51:40][Crontab Getting Systime]
[DEBUG][INFO][2017-03-15 09:51:40][Crontab Get Systime Done]
[DEBUG][INFO][2017-03-15 09:51:40][Crontab CFG Reading]
[DEBUG][INFO][2017-03-15 09:51:40][Crontab CFG Read Done]
[DEBUG][INFO][2017-03-15 09:51:40][Crontab CFG Checking]
[DEBUG][INFO][2017-03-15 09:51:40][Crontab CFG Check Done]
[DEBUG][INFO][2017-03-15 09:51:40][Crontab Initial Done]
[DEBUG][INFO][2017-03-15 09:51:40][Crontab Running]
[DEBUG][INFO][2017-03-15 09:51:40][[114217][Process-17][True]]
[DEBUG][INFO][2017-03-15 09:51:40][Crontab Done]
[DEBUG][INFO][2017-03-15 09:51:40][Crontab Running Command]
[DEBUG][INFO][2017-03-15 09:51:40][[CMD] su - root -c "echo \"hello world\"" &]
[DEBUG][INFO][2017-03-15 09:51:40][Crontab Run [su - root -c "echo \"hello world\"" &] Done]
[DEBUG][INFO][2017-03-15 09:51:41][Crontab Log Rotate Starting]
[DEBUG][INFO][2017-03-15 09:51:41][Crontab Log Set Starting]
[DEBUG][INFO][2017-03-15 09:51:41][Crontab Log Set Done]
[DEBUG][INFO][2017-03-15 09:51:41][Crontab Log Rotate Done]
[DEBUG][INFO][2017-03-15 09:51:41][Crontab Getting Systime]
[DEBUG][INFO][2017-03-15 09:51:41][Crontab Get Systime Done]
[DEBUG][INFO][2017-03-15 09:51:41][Crontab CFG Reading]
[DEBUG][INFO][2017-03-15 09:51:41][Crontab CFG Read Done]
[DEBUG][INFO][2017-03-15 09:51:41][Crontab CFG Checking]
[DEBUG][INFO][2017-03-15 09:51:41][Crontab CFG Check Done]
[DEBUG][INFO][2017-03-15 09:51:41][Crontab Initial Done]
[DEBUG][INFO][2017-03-15 09:51:41][Crontab Running]
[DEBUG][INFO][2017-03-15 09:51:41][[114242][Process-18][True]]
[DEBUG][INFO][2017-03-15 09:51:41][Crontab Done]
[DEBUG][INFO][2017-03-15 09:51:41][Crontab Running Command]
[DEBUG][INFO][2017-03-15 09:51:41][[CMD] su - root -c "echo \"hello world\"" &]
[DEBUG][INFO][2017-03-15 09:51:41][Crontab Run [su - root -c "echo \"hello world\"" &] Done]
[DEBUG][INFO][2017-03-15 09:51:42][Crontab Log Rotate Starting]
[DEBUG][INFO][2017-03-15 09:51:42][Crontab Log Set Starting]
[DEBUG][INFO][2017-03-15 09:51:42][Crontab Log Set Done]
[DEBUG][INFO][2017-03-15 09:51:42][Crontab Log Rotate Done]
[DEBUG][INFO][2017-03-15 09:51:42][Crontab Getting Systime]
[DEBUG][INFO][2017-03-15 09:51:42][Crontab Get Systime Done]
[DEBUG][INFO][2017-03-15 09:51:42][Crontab CFG Reading]
[DEBUG][INFO][2017-03-15 09:51:42][Crontab CFG Read Done]
[DEBUG][INFO][2017-03-15 09:51:42][Crontab CFG Checking]
[DEBUG][INFO][2017-03-15 09:51:42][Crontab CFG Check Done]
[DEBUG][INFO][2017-03-15 09:51:42][Crontab Initial Done]
[DEBUG][INFO][2017-03-15 09:51:42][Crontab Running]
[DEBUG][INFO][2017-03-15 09:51:42][[114260][Process-19][True]]
[DEBUG][INFO][2017-03-15 09:51:42][Crontab Done]
[DEBUG][INFO][2017-03-15 09:51:42][Crontab Running Command]
[DEBUG][INFO][2017-03-15 09:51:42][[CMD] su - root -c "echo \"hello world\"" &]
[DEBUG][INFO][2017-03-15 09:51:42][Crontab Run [su - root -c "echo \"hello world\"" &] Done]
[DEBUG][INFO][2017-03-15 09:51:43][Crontab Log Rotate Starting]
[DEBUG][INFO][2017-03-15 09:51:43][Crontab Log Set Starting]
[DEBUG][INFO][2017-03-15 09:51:43][Crontab Log Set Done]
[DEBUG][INFO][2017-03-15 09:51:43][Crontab Log Rotate Done]
[DEBUG][INFO][2017-03-15 09:51:43][Crontab Getting Systime]
[DEBUG][INFO][2017-03-15 09:51:43][Crontab Get Systime Done]
[DEBUG][INFO][2017-03-15 09:51:43][Crontab CFG Reading]
[DEBUG][INFO][2017-03-15 09:51:43][Crontab CFG Read Done]
[DEBUG][INFO][2017-03-15 09:51:43][Crontab CFG Checking]
[DEBUG][INFO][2017-03-15 09:51:43][Crontab CFG Check Done]
[DEBUG][INFO][2017-03-15 09:51:43][Crontab Initial Done]
[DEBUG][INFO][2017-03-15 09:51:43][Crontab Running]
[DEBUG][INFO][2017-03-15 09:51:43][[114283][Process-20][True]]
[DEBUG][INFO][2017-03-15 09:51:43][Crontab Done]
[DEBUG][INFO][2017-03-15 09:51:43][Crontab Running Command]
[DEBUG][INFO][2017-03-15 09:51:43][[CMD] su - root -c "echo \"hello world\"" &]
[DEBUG][INFO][2017-03-15 09:51:43][Crontab Run [su - root -c "echo \"hello world\"" &] Done]
[DEBUG][INFO][2017-03-15 09:51:44][Crontab Log Rotate Starting]
[DEBUG][INFO][2017-03-15 09:51:44][Crontab Log Set Starting]
[DEBUG][INFO][2017-03-15 09:51:44][Crontab Log Set Done]
[DEBUG][INFO][2017-03-15 09:51:44][Crontab Log Rotate Done]
[DEBUG][INFO][2017-03-15 09:51:44][Crontab Getting Systime]
[DEBUG][INFO][2017-03-15 09:51:44][Crontab Get Systime Done]
[DEBUG][INFO][2017-03-15 09:51:44][Crontab CFG Reading]
[DEBUG][INFO][2017-03-15 09:51:44][Crontab CFG Read Done]
[DEBUG][INFO][2017-03-15 09:51:44][Crontab CFG Checking]
[DEBUG][INFO][2017-03-15 09:51:44][Crontab CFG Check Done]
[DEBUG][INFO][2017-03-15 09:51:44][Crontab Initial Done]
[DEBUG][INFO][2017-03-15 09:51:44][Crontab Running]
[DEBUG][INFO][2017-03-15 09:51:44][[114302][Process-21][True]]
[DEBUG][INFO][2017-03-15 09:51:44][Crontab Done]
[DEBUG][INFO][2017-03-15 09:51:44][Crontab Running Command]
[DEBUG][INFO][2017-03-15 09:51:44][[CMD] su - root -c "echo \"hello world\"" &]
[DEBUG][INFO][2017-03-15 09:51:44][Crontab Run [su - root -c "echo \"hello world\"" &] Done]
[DEBUG][INFO][2017-03-15 09:51:45][Crontab Log Rotate Starting]
[DEBUG][INFO][2017-03-15 09:51:45][Crontab Log Set Starting]
[DEBUG][INFO][2017-03-15 09:51:45][Crontab Log Set Done]
[DEBUG][INFO][2017-03-15 09:51:45][Crontab Log Rotate Done]
[DEBUG][INFO][2017-03-15 09:51:45][Crontab Getting Systime]
[DEBUG][INFO][2017-03-15 09:51:45][Crontab Get Systime Done]
[DEBUG][INFO][2017-03-15 09:51:45][Crontab CFG Reading]
[DEBUG][INFO][2017-03-15 09:51:45][Crontab CFG Read Done]
[DEBUG][INFO][2017-03-15 09:51:45][Crontab CFG Checking]
[DEBUG][INFO][2017-03-15 09:51:45][Crontab CFG Check Done]
[DEBUG][INFO][2017-03-15 09:51:45][Crontab Initial Done]
[DEBUG][INFO][2017-03-15 09:51:45][Crontab Running]
[DEBUG][INFO][2017-03-15 09:51:45][[114320][Process-22][True]]
[DEBUG][INFO][2017-03-15 09:51:45][Crontab Done]
[DEBUG][INFO][2017-03-15 09:51:45][Crontab Running Command]
[DEBUG][INFO][2017-03-15 09:51:45][[CMD] su - root -c "echo \"hello world\"" &]
[DEBUG][INFO][2017-03-15 09:51:45][Crontab Run [su - root -c "echo \"hello world\"" &] Done]
[DEBUG][INFO][2017-03-15 09:51:46][Crontab Log Rotate Starting]
[DEBUG][INFO][2017-03-15 09:51:46][Crontab Log Set Starting]
[DEBUG][INFO][2017-03-15 09:51:46][Crontab Log Set Done]
[DEBUG][INFO][2017-03-15 09:51:46][Crontab Log Rotate Done]
[DEBUG][INFO][2017-03-15 09:51:46][Crontab Getting Systime]
[DEBUG][INFO][2017-03-15 09:51:46][Crontab Get Systime Done]
[DEBUG][INFO][2017-03-15 09:51:46][Crontab CFG Reading]
[DEBUG][INFO][2017-03-15 09:51:46][Crontab CFG Read Done]
[DEBUG][INFO][2017-03-15 09:51:46][Crontab CFG Checking]
[DEBUG][INFO][2017-03-15 09:51:46][Crontab CFG Check Done]
[DEBUG][INFO][2017-03-15 09:51:46][Crontab Initial Done]
[DEBUG][INFO][2017-03-15 09:51:46][Crontab Running]
[DEBUG][INFO][2017-03-15 09:51:46][[114339][Process-23][True]]
[DEBUG][INFO][2017-03-15 09:51:46][Crontab Done]
[DEBUG][INFO][2017-03-15 09:51:46][Crontab Running Command]
[DEBUG][INFO][2017-03-15 09:51:46][[CMD] su - root -c "echo \"hello world\"" &]
[DEBUG][INFO][2017-03-15 09:51:46][Crontab Run [su - root -c "echo \"hello world\"" &] Done]
[DEBUG][INFO][2017-03-15 09:51:47][Crontab Log Rotate Starting]
[DEBUG][INFO][2017-03-15 09:51:47][Crontab Log Set Starting]
[DEBUG][INFO][2017-03-15 09:51:47][Crontab Log Set Done]
[DEBUG][INFO][2017-03-15 09:51:47][Crontab Log Rotate Done]
[DEBUG][INFO][2017-03-15 09:51:47][Crontab Getting Systime]
[DEBUG][INFO][2017-03-15 09:51:47][Crontab Get Systime Done]
[DEBUG][INFO][2017-03-15 09:51:47][Crontab CFG Reading]
[DEBUG][INFO][2017-03-15 09:51:47][Crontab CFG Read Done]
[DEBUG][INFO][2017-03-15 09:51:47][Crontab CFG Checking]
[DEBUG][INFO][2017-03-15 09:51:47][Crontab CFG Check Done]
[DEBUG][INFO][2017-03-15 09:51:47][Crontab Initial Done]
[DEBUG][INFO][2017-03-15 09:51:47][Crontab Running]
[DEBUG][INFO][2017-03-15 09:51:47][[114357][Process-24][True]]
[DEBUG][INFO][2017-03-15 09:51:47][Crontab Done]
[DEBUG][INFO][2017-03-15 09:51:47][Crontab Running Command]
[DEBUG][INFO][2017-03-15 09:51:47][[CMD] su - root -c "echo \"hello world\"" &]
[DEBUG][INFO][2017-03-15 09:51:47][Crontab Run [su - root -c "echo \"hello world\"" &] Done]
[DEBUG][INFO][2017-03-15 09:51:48][Crontab Log Rotate Starting]
[DEBUG][INFO][2017-03-15 09:51:48][Crontab Log Set Starting]
[DEBUG][INFO][2017-03-15 09:51:48][Crontab Log Set Done]
[DEBUG][INFO][2017-03-15 09:51:48][Crontab Log Rotate Done]
[DEBUG][INFO][2017-03-15 09:51:48][Crontab Getting Systime]
[DEBUG][INFO][2017-03-15 09:51:48][Crontab Get Systime Done]
[DEBUG][INFO][2017-03-15 09:51:48][Crontab CFG Reading]
[DEBUG][INFO][2017-03-15 09:51:48][Crontab CFG Read Done]
[DEBUG][INFO][2017-03-15 09:51:48][Crontab CFG Checking]
[DEBUG][INFO][2017-03-15 09:51:48][Crontab CFG Check Done]
[DEBUG][INFO][2017-03-15 09:51:48][Crontab Initial Done]
[DEBUG][INFO][2017-03-15 09:51:48][Crontab Running]
[DEBUG][INFO][2017-03-15 09:51:48][[114375][Process-25][True]]
[DEBUG][INFO][2017-03-15 09:51:48][Crontab Done]
[DEBUG][INFO][2017-03-15 09:51:48][Crontab Running Command]
[DEBUG][INFO][2017-03-15 09:51:48][[CMD] su - root -c "echo \"hello world\"" &]
[DEBUG][INFO][2017-03-15 09:51:48][Crontab Run [su - root -c "echo \"hello world\"" &] Done]
[DEBUG][INFO][2017-03-15 09:51:49][Crontab Log Rotate Starting]
[DEBUG][INFO][2017-03-15 09:51:49][Crontab Log Set Starting]
[DEBUG][INFO][2017-03-15 09:51:49][Crontab Log Set Done]
[DEBUG][INFO][2017-03-15 09:51:49][Crontab Log Rotate Done]
[DEBUG][INFO][2017-03-15 09:51:49][Crontab Getting Systime]
[DEBUG][INFO][2017-03-15 09:51:49][Crontab Get Systime Done]
[DEBUG][INFO][2017-03-15 09:51:49][Crontab CFG Reading]
[DEBUG][INFO][2017-03-15 09:51:49][Crontab CFG Read Done]
[DEBUG][INFO][2017-03-15 09:51:49][Crontab CFG Checking]
[DEBUG][INFO][2017-03-15 09:51:49][Crontab CFG Check Done]
[DEBUG][INFO][2017-03-15 09:51:49][Crontab Initial Done]
[DEBUG][INFO][2017-03-15 09:51:49][Crontab Running]
[DEBUG][INFO][2017-03-15 09:51:49][[114393][Process-26][True]]
[DEBUG][INFO][2017-03-15 09:51:49][Crontab Done]
[DEBUG][INFO][2017-03-15 09:51:49][Crontab Running Command]
[DEBUG][INFO][2017-03-15 09:51:49][[CMD] su - root -c "echo \"hello world\"" &]
[DEBUG][INFO][2017-03-15 09:51:49][Crontab Run [su - root -c "echo \"hello world\"" &] Done]
[DEBUG][INFO][2017-03-15 09:51:50][Crontab Log Rotate Starting]
[DEBUG][INFO][2017-03-15 09:51:50][Crontab Log Set Starting]
[DEBUG][INFO][2017-03-15 09:51:50][Crontab Log Set Done]
[DEBUG][INFO][2017-03-15 09:51:50][Crontab Log Rotate Done]
[DEBUG][INFO][2017-03-15 09:51:50][Crontab Getting Systime]
[DEBUG][INFO][2017-03-15 09:51:50][Crontab Get Systime Done]
[DEBUG][INFO][2017-03-15 09:51:50][Crontab CFG Reading]
[DEBUG][INFO][2017-03-15 09:51:50][Crontab CFG Read Done]
[DEBUG][INFO][2017-03-15 09:51:50][Crontab CFG Checking]
[DEBUG][INFO][2017-03-15 09:51:50][Crontab CFG Check Done]
[DEBUG][INFO][2017-03-15 09:51:50][Crontab Initial Done]
[DEBUG][INFO][2017-03-15 09:51:50][Crontab Running]
[DEBUG][INFO][2017-03-15 09:51:50][[114411][Process-27][True]]
[DEBUG][INFO][2017-03-15 09:51:50][Crontab Done]
[DEBUG][INFO][2017-03-15 09:51:50][Crontab Running Command]
[DEBUG][INFO][2017-03-15 09:51:50][[CMD] su - root -c "echo \"hello world\"" &]
[DEBUG][INFO][2017-03-15 09:51:50][Crontab Run [su - root -c "echo \"hello world\"" &] Done]
[DEBUG][INFO][2017-03-15 09:51:51][Crontab Log Rotate Starting]
[DEBUG][INFO][2017-03-15 09:51:51][Crontab Log Set Starting]
[DEBUG][INFO][2017-03-15 09:51:51][Crontab Log Set Done]
[DEBUG][INFO][2017-03-15 09:51:51][Crontab Log Rotate Done]
[DEBUG][INFO][2017-03-15 09:51:51][Crontab Getting Systime]
[DEBUG][INFO][2017-03-15 09:51:51][Crontab Get Systime Done]
[DEBUG][INFO][2017-03-15 09:51:51][Crontab CFG Reading]
[DEBUG][INFO][2017-03-15 09:51:51][Crontab CFG Read Done]
[DEBUG][INFO][2017-03-15 09:51:51][Crontab CFG Checking]
[DEBUG][INFO][2017-03-15 09:51:51][Crontab CFG Check Done]
[DEBUG][INFO][2017-03-15 09:51:51][Crontab Initial Done]
[DEBUG][INFO][2017-03-15 09:51:51][Crontab Running]
[DEBUG][INFO][2017-03-15 09:51:51][[114430][Process-28][True]]
[DEBUG][INFO][2017-03-15 09:51:51][Crontab Done]
[DEBUG][INFO][2017-03-15 09:51:51][Crontab Running Command]
[DEBUG][INFO][2017-03-15 09:51:51][[CMD] su - root -c "echo \"hello world\"" &]
[DEBUG][INFO][2017-03-15 09:51:51][Crontab Run [su - root -c "echo \"hello world\"" &] Done]
[DEBUG][INFO][2017-03-15 09:51:52][Crontab Log Rotate Starting]
[DEBUG][INFO][2017-03-15 09:51:52][Crontab Log Set Starting]
[DEBUG][INFO][2017-03-15 09:51:52][Crontab Log Set Done]
[DEBUG][INFO][2017-03-15 09:51:52][Crontab Log Rotate Done]
[DEBUG][INFO][2017-03-15 09:51:52][Crontab Getting Systime]
[DEBUG][INFO][2017-03-15 09:51:52][Crontab Get Systime Done]
[DEBUG][INFO][2017-03-15 09:51:52][Crontab CFG Reading]
[DEBUG][INFO][2017-03-15 09:51:52][Crontab CFG Read Done]
[DEBUG][INFO][2017-03-15 09:51:52][Crontab CFG Checking]
[DEBUG][INFO][2017-03-15 09:51:52][Crontab CFG Check Done]
[DEBUG][INFO][2017-03-15 09:51:52][Crontab Initial Done]
[DEBUG][INFO][2017-03-15 09:51:52][Crontab Running]
[DEBUG][INFO][2017-03-15 09:51:52][[114451][Process-29][True]]
[DEBUG][INFO][2017-03-15 09:51:52][Crontab Done]
[DEBUG][INFO][2017-03-15 09:51:52][Crontab Running Command]
[DEBUG][INFO][2017-03-15 09:51:52][[CMD] su - root -c "echo \"hello world\"" &]
[DEBUG][INFO][2017-03-15 09:51:52][Crontab Run [su - root -c "echo \"hello world\"" &] Done]
[DEBUG][INFO][2017-03-15 09:51:53][Crontab Log Rotate Starting]
[DEBUG][INFO][2017-03-15 09:51:53][Crontab Log Set Starting]
[DEBUG][INFO][2017-03-15 09:51:53][Crontab Log Set Done]
[DEBUG][INFO][2017-03-15 09:51:53][Crontab Log Rotate Done]
[DEBUG][INFO][2017-03-15 09:51:53][Crontab Getting Systime]
[DEBUG][INFO][2017-03-15 09:51:53][Crontab Get Systime Done]
[DEBUG][INFO][2017-03-15 09:51:53][Crontab CFG Reading]
[DEBUG][INFO][2017-03-15 09:51:53][Crontab CFG Read Done]
[DEBUG][INFO][2017-03-15 09:51:53][Crontab CFG Checking]
[DEBUG][INFO][2017-03-15 09:51:53][Crontab CFG Check Done]
[DEBUG][INFO][2017-03-15 09:51:53][Crontab Initial Done]
[DEBUG][INFO][2017-03-15 09:51:53][Crontab Running]
[DEBUG][INFO][2017-03-15 09:51:53][[114469][Process-30][True]]
[DEBUG][INFO][2017-03-15 09:51:53][Crontab Done]
[DEBUG][INFO][2017-03-15 09:51:53][Crontab Running Command]
[DEBUG][INFO][2017-03-15 09:51:53][[CMD] su - root -c "echo \"hello world\"" &]
[DEBUG][INFO][2017-03-15 09:51:53][Crontab Run [su - root -c "echo \"hello world\"" &] Done]
[DEBUG][INFO][2017-03-15 09:51:54][Crontab Log Rotate Starting]
[DEBUG][INFO][2017-03-15 09:51:54][Crontab Log Set Starting]
[DEBUG][INFO][2017-03-15 09:51:54][Crontab Log Set Done]
[DEBUG][INFO][2017-03-15 09:51:54][Crontab Log Rotate Done]
[DEBUG][INFO][2017-03-15 09:51:54][Crontab Getting Systime]
[DEBUG][INFO][2017-03-15 09:51:54][Crontab Get Systime Done]
[DEBUG][INFO][2017-03-15 09:51:54][Crontab CFG Reading]
[DEBUG][INFO][2017-03-15 09:51:54][Crontab CFG Read Done]
[DEBUG][INFO][2017-03-15 09:51:54][Crontab CFG Checking]
[DEBUG][INFO][2017-03-15 09:51:54][Crontab CFG Check Done]
[DEBUG][INFO][2017-03-15 09:51:54][Crontab Initial Done]
[DEBUG][INFO][2017-03-15 09:51:54][Crontab Running]
[DEBUG][INFO][2017-03-15 09:51:54][[114487][Process-31][True]]
[DEBUG][INFO][2017-03-15 09:51:54][Crontab Done]
[DEBUG][INFO][2017-03-15 09:51:54][Crontab Running Command]
[DEBUG][INFO][2017-03-15 09:51:54][[CMD] su - root -c "echo \"hello world\"" &]
[DEBUG][INFO][2017-03-15 09:51:54][Crontab Run [su - root -c "echo \"hello world\"" &] Done]
[DEBUG][INFO][2017-03-15 09:51:55][Crontab Log Rotate Starting]
[DEBUG][INFO][2017-03-15 09:51:55][Crontab Log Set Starting]
[DEBUG][INFO][2017-03-15 09:51:55][Crontab Log Set Done]
[DEBUG][INFO][2017-03-15 09:51:55][Crontab Log Rotate Done]
[DEBUG][INFO][2017-03-15 09:51:55][Crontab Getting Systime]
[DEBUG][INFO][2017-03-15 09:51:55][Crontab Get Systime Done]
[DEBUG][INFO][2017-03-15 09:51:55][Crontab CFG Reading]
[DEBUG][INFO][2017-03-15 09:51:55][Crontab CFG Read Done]
[DEBUG][INFO][2017-03-15 09:51:55][Crontab CFG Checking]
[DEBUG][INFO][2017-03-15 09:51:55][Crontab CFG Check Done]
[DEBUG][INFO][2017-03-15 09:51:55][Crontab Initial Done]
[DEBUG][INFO][2017-03-15 09:51:55][Crontab Running]
[DEBUG][INFO][2017-03-15 09:51:55][[114505][Process-32][True]]
[DEBUG][INFO][2017-03-15 09:51:55][Crontab Running Command]
[DEBUG][INFO][2017-03-15 09:51:55][Crontab Done]
[DEBUG][INFO][2017-03-15 09:51:55][[CMD] su - root -c "echo \"hello world\"" &]
[DEBUG][INFO][2017-03-15 09:51:55][Crontab Run [su - root -c "echo \"hello world\"" &] Done]
[DEBUG][INFO][2017-03-15 09:51:56][Crontab Log Rotate Starting]
[DEBUG][INFO][2017-03-15 09:51:56][Crontab Log Set Starting]
[DEBUG][INFO][2017-03-15 09:51:56][Crontab Log Set Done]
[DEBUG][INFO][2017-03-15 09:51:56][Crontab Log Rotate Done]
[DEBUG][INFO][2017-03-15 09:51:56][Crontab Getting Systime]
[DEBUG][INFO][2017-03-15 09:51:56][Crontab Get Systime Done]
[DEBUG][INFO][2017-03-15 09:51:56][Crontab CFG Reading]
[DEBUG][INFO][2017-03-15 09:51:56][Crontab CFG Read Done]
[DEBUG][INFO][2017-03-15 09:51:56][Crontab CFG Checking]
[DEBUG][INFO][2017-03-15 09:51:56][Crontab CFG Check Done]
[DEBUG][INFO][2017-03-15 09:51:56][Crontab Initial Done]
[DEBUG][INFO][2017-03-15 09:51:56][Crontab Running]
[DEBUG][INFO][2017-03-15 09:51:56][[114523][Process-33][True]]
[DEBUG][INFO][2017-03-15 09:51:56][Crontab Done]
[DEBUG][INFO][2017-03-15 09:51:56][Crontab Running Command]
[DEBUG][INFO][2017-03-15 09:51:56][[CMD] su - root -c "echo \"hello world\"" &]
[DEBUG][INFO][2017-03-15 09:51:56][Crontab Run [su - root -c "echo \"hello world\"" &] Done]
[DEBUG][INFO][2017-03-15 09:51:57][Crontab Log Rotate Starting]
[DEBUG][INFO][2017-03-15 09:51:57][Crontab Log Set Starting]
[DEBUG][INFO][2017-03-15 09:51:57][Crontab Log Set Done]
[DEBUG][INFO][2017-03-15 09:51:57][Crontab Log Rotate Done]
[DEBUG][INFO][2017-03-15 09:51:57][Crontab Getting Systime]
[DEBUG][INFO][2017-03-15 09:51:57][Crontab Get Systime Done]
[DEBUG][INFO][2017-03-15 09:51:57][Crontab CFG Reading]
[DEBUG][INFO][2017-03-15 09:51:57][Crontab CFG Read Done]
[DEBUG][INFO][2017-03-15 09:51:57][Crontab CFG Checking]
[DEBUG][INFO][2017-03-15 09:51:57][Crontab CFG Check Done]
[DEBUG][INFO][2017-03-15 09:51:57][Crontab Initial Done]
[DEBUG][INFO][2017-03-15 09:51:57][Crontab Running]
[DEBUG][INFO][2017-03-15 09:51:57][[114541][Process-34][True]]
[DEBUG][INFO][2017-03-15 09:51:57][Crontab Done]
[DEBUG][INFO][2017-03-15 09:51:57][Crontab Running Command]
[DEBUG][INFO][2017-03-15 09:51:57][[CMD] su - root -c "echo \"hello world\"" &]
[DEBUG][INFO][2017-03-15 09:51:57][Crontab Run [su - root -c "echo \"hello world\"" &] Done]
[DEBUG][INFO][2017-03-15 09:51:58][Crontab Log Rotate Starting]
[DEBUG][INFO][2017-03-15 09:51:58][Crontab Log Set Starting]
[DEBUG][INFO][2017-03-15 09:51:58][Crontab Log Set Done]
[DEBUG][INFO][2017-03-15 09:51:58][Crontab Log Rotate Done]
[DEBUG][INFO][2017-03-15 09:51:58][Crontab Getting Systime]
[DEBUG][INFO][2017-03-15 09:51:58][Crontab Get Systime Done]
[DEBUG][INFO][2017-03-15 09:51:58][Crontab CFG Reading]
[DEBUG][INFO][2017-03-15 09:51:58][Crontab CFG Read Done]
[DEBUG][INFO][2017-03-15 09:51:58][Crontab CFG Checking]
[DEBUG][INFO][2017-03-15 09:51:58][Crontab CFG Check Done]
[DEBUG][INFO][2017-03-15 09:51:58][Crontab Initial Done]
[DEBUG][INFO][2017-03-15 09:51:58][Crontab Running]
[DEBUG][INFO][2017-03-15 09:51:58][[114559][Process-35][True]]
[DEBUG][INFO][2017-03-15 09:51:58][Crontab Done]
[DEBUG][INFO][2017-03-15 09:51:58][Crontab Running Command]
[DEBUG][INFO][2017-03-15 09:51:58][[CMD] su - root -c "echo \"hello world\"" &]
[DEBUG][INFO][2017-03-15 09:51:58][Crontab Run [su - root -c "echo \"hello world\"" &] Done]
[DEBUG][INFO][2017-03-15 09:51:59][Crontab Log Rotate Starting]
[DEBUG][INFO][2017-03-15 09:51:59][Crontab Log Set Starting]
[DEBUG][INFO][2017-03-15 09:51:59][Crontab Log Set Done]
[DEBUG][INFO][2017-03-15 09:51:59][Crontab Log Rotate Done]
[DEBUG][INFO][2017-03-15 09:51:59][Crontab Getting Systime]
[DEBUG][INFO][2017-03-15 09:51:59][Crontab Get Systime Done]
[DEBUG][INFO][2017-03-15 09:51:59][Crontab CFG Reading]
[DEBUG][INFO][2017-03-15 09:51:59][Crontab CFG Read Done]
[DEBUG][INFO][2017-03-15 09:51:59][Crontab CFG Checking]
[DEBUG][INFO][2017-03-15 09:51:59][Crontab CFG Check Done]
[DEBUG][INFO][2017-03-15 09:51:59][Crontab Initial Done]
[DEBUG][INFO][2017-03-15 09:51:59][Crontab Running]
[DEBUG][INFO][2017-03-15 09:51:59][[114579][Process-36][True]]
[DEBUG][INFO][2017-03-15 09:51:59][Crontab Done]
[DEBUG][INFO][2017-03-15 09:51:59][Crontab Running Command]
[DEBUG][INFO][2017-03-15 09:51:59][[CMD] su - root -c "echo \"hello world\"" &]
[DEBUG][INFO][2017-03-15 09:51:59][Crontab Run [su - root -c "echo \"hello world\"" &] Done]
[DEBUG][INFO][2017-03-15 09:52:00][Crontab Log Rotate Starting]
[DEBUG][INFO][2017-03-15 09:52:00][Crontab Log Set Starting]
[DEBUG][INFO][2017-03-15 09:52:00][Crontab Log Set Done]
[DEBUG][INFO][2017-03-15 09:52:00][Crontab Log Rotate Done]
[DEBUG][INFO][2017-03-15 09:52:00][Crontab Getting Systime]
[DEBUG][INFO][2017-03-15 09:52:00][Crontab Get Systime Done]
[DEBUG][INFO][2017-03-15 09:52:00][Crontab CFG Reading]
[DEBUG][INFO][2017-03-15 09:52:00][Crontab CFG Read Done]
[DEBUG][INFO][2017-03-15 09:52:00][Crontab CFG Checking]
[DEBUG][INFO][2017-03-15 09:52:00][Crontab CFG Check Done]
[DEBUG][INFO][2017-03-15 09:52:00][Crontab Initial Done]
[DEBUG][INFO][2017-03-15 09:52:00][Crontab Running]
[DEBUG][INFO][2017-03-15 09:52:00][[114598][Process-37][True]]
[DEBUG][INFO][2017-03-15 09:52:00][Crontab Done]
[DEBUG][INFO][2017-03-15 09:52:00][Crontab Running Command]
[DEBUG][INFO][2017-03-15 09:52:00][[CMD] su - root -c "echo \"hello world\"" &]
[DEBUG][INFO][2017-03-15 09:52:00][Crontab Run [su - root -c "echo \"hello world\"" &] Done]
[DEBUG][INFO][2017-03-15 09:52:01][Crontab Log Rotate Starting]
[DEBUG][INFO][2017-03-15 09:52:01][Crontab Log Set Starting]
[DEBUG][INFO][2017-03-15 09:52:01][Crontab Log Set Done]
[DEBUG][INFO][2017-03-15 09:52:01][Crontab Log Rotate Done]
[DEBUG][INFO][2017-03-15 09:52:01][Crontab Getting Systime]
[DEBUG][INFO][2017-03-15 09:52:01][Crontab Get Systime Done]
[DEBUG][INFO][2017-03-15 09:52:01][Crontab CFG Reading]
[DEBUG][INFO][2017-03-15 09:52:01][Crontab CFG Read Done]
[DEBUG][INFO][2017-03-15 09:52:01][Crontab CFG Checking]
[DEBUG][INFO][2017-03-15 09:52:01][Crontab CFG Check Done]
[DEBUG][INFO][2017-03-15 09:52:01][Crontab Initial Done]
[DEBUG][INFO][2017-03-15 09:52:01][Crontab Running]
[DEBUG][INFO][2017-03-15 09:52:01][[114616][Process-38][True]]
[DEBUG][INFO][2017-03-15 09:52:01][Crontab Done]
[DEBUG][INFO][2017-03-15 09:52:01][Crontab Running Command]
[DEBUG][INFO][2017-03-15 09:52:01][[CMD] su - root -c "echo \"hello world\"" &]
[DEBUG][INFO][2017-03-15 09:52:01][Crontab Run [su - root -c "echo \"hello world\"" &] Done]
[DEBUG][INFO][2017-03-15 09:52:02][Crontab Log Rotate Starting]
[DEBUG][INFO][2017-03-15 09:52:02][Crontab Log Set Starting]
[DEBUG][INFO][2017-03-15 09:52:02][Crontab Log Set Done]
[DEBUG][INFO][2017-03-15 09:52:02][Crontab Log Rotate Done]
[DEBUG][INFO][2017-03-15 09:52:02][Crontab Getting Systime]
[DEBUG][INFO][2017-03-15 09:52:02][Crontab Get Systime Done]
[DEBUG][INFO][2017-03-15 09:52:02][Crontab CFG Reading]
[DEBUG][INFO][2017-03-15 09:52:02][Crontab CFG Read Done]
[DEBUG][INFO][2017-03-15 09:52:02][Crontab CFG Checking]
[DEBUG][INFO][2017-03-15 09:52:02][Crontab CFG Check Done]
[DEBUG][INFO][2017-03-15 09:52:02][Crontab Initial Done]
[DEBUG][INFO][2017-03-15 09:52:02][Crontab Running]
[DEBUG][INFO][2017-03-15 09:52:02][[114654][Process-39][True]]
[DEBUG][INFO][2017-03-15 09:52:02][Crontab Done]
[DEBUG][INFO][2017-03-15 09:52:02][Crontab Running Command]
[DEBUG][INFO][2017-03-15 09:52:02][[CMD] su - root -c "echo \"hello world\"" &]
[DEBUG][INFO][2017-03-15 09:52:02][Crontab Run [su - root -c "echo \"hello world\"" &] Done]
[DEBUG][INFO][2017-03-15 09:52:03][Crontab Log Rotate Starting]
[DEBUG][INFO][2017-03-15 09:52:03][Crontab Log Set Starting]
[DEBUG][INFO][2017-03-15 09:52:03][Crontab Log Set Done]
[DEBUG][INFO][2017-03-15 09:52:03][Crontab Log Rotate Done]
[DEBUG][INFO][2017-03-15 09:52:03][Crontab Getting Systime]
[DEBUG][INFO][2017-03-15 09:52:03][Crontab Get Systime Done]
[DEBUG][INFO][2017-03-15 09:52:03][Crontab CFG Reading]
[DEBUG][INFO][2017-03-15 09:52:03][Crontab CFG Read Done]
[DEBUG][INFO][2017-03-15 09:52:03][Crontab CFG Checking]
[DEBUG][INFO][2017-03-15 09:52:03][Crontab CFG Check Done]
[DEBUG][INFO][2017-03-15 09:52:03][Crontab Initial Done]
[DEBUG][INFO][2017-03-15 09:52:03][Crontab Running]
[DEBUG][INFO][2017-03-15 09:52:03][[114705][Process-40][True]]
[DEBUG][INFO][2017-03-15 09:52:03][Crontab Done]
[DEBUG][INFO][2017-03-15 09:52:03][Crontab Running Command]
[DEBUG][INFO][2017-03-15 09:52:03][[CMD] su - root -c "echo \"hello world\"" &]
[DEBUG][INFO][2017-03-15 09:52:03][Crontab Run [su - root -c "echo \"hello world\"" &] Done]
[DEBUG][INFO][2017-03-15 09:52:04][Crontab Log Rotate Starting]
[DEBUG][INFO][2017-03-15 09:52:04][Crontab Log Set Starting]
[DEBUG][INFO][2017-03-15 09:52:04][Crontab Log Set Done]
[DEBUG][INFO][2017-03-15 09:52:04][Crontab Log Rotate Done]
[DEBUG][INFO][2017-03-15 09:52:04][Crontab Getting Systime]
[DEBUG][INFO][2017-03-15 09:52:04][Crontab Get Systime Done]
[DEBUG][INFO][2017-03-15 09:52:04][Crontab CFG Reading]
[DEBUG][INFO][2017-03-15 09:52:04][Crontab CFG Read Done]
[DEBUG][INFO][2017-03-15 09:52:04][Crontab CFG Checking]
[DEBUG][INFO][2017-03-15 09:52:04][Crontab CFG Check Done]
[DEBUG][INFO][2017-03-15 09:52:04][Crontab Initial Done]
[DEBUG][INFO][2017-03-15 09:52:04][Crontab Running]
[DEBUG][INFO][2017-03-15 09:52:04][[114731][Process-41][True]]
[DEBUG][INFO][2017-03-15 09:52:04][Crontab Done]
[DEBUG][INFO][2017-03-15 09:52:04][Crontab Running Command]
[DEBUG][INFO][2017-03-15 09:52:04][[CMD] su - root -c "echo \"hello world\"" &]
[DEBUG][INFO][2017-03-15 09:52:04][Crontab Run [su - root -c "echo \"hello world\"" &] Done]
[DEBUG][INFO][2017-03-15 09:52:05][Crontab Log Rotate Starting]
[DEBUG][INFO][2017-03-15 09:52:05][Crontab Log Set Starting]
[DEBUG][INFO][2017-03-15 09:52:05][Crontab Log Set Done]
[DEBUG][INFO][2017-03-15 09:52:05][Crontab Log Rotate Done]
[DEBUG][INFO][2017-03-15 09:52:05][Crontab Getting Systime]
[DEBUG][INFO][2017-03-15 09:52:05][Crontab Get Systime Done]
[DEBUG][INFO][2017-03-15 09:52:05][Crontab CFG Reading]
[DEBUG][INFO][2017-03-15 09:52:05][Crontab CFG Read Done]
[DEBUG][INFO][2017-03-15 09:52:05][Crontab CFG Checking]
[DEBUG][INFO][2017-03-15 09:52:05][Crontab CFG Check Done]
[DEBUG][INFO][2017-03-15 09:52:05][Crontab Initial Done]
[DEBUG][INFO][2017-03-15 09:52:05][Crontab Running]
[DEBUG][INFO][2017-03-15 09:52:05][[114810][Process-42][True]]
[DEBUG][INFO][2017-03-15 09:52:05][Crontab Done]
[DEBUG][INFO][2017-03-15 09:52:05][Crontab Running Command]
[DEBUG][INFO][2017-03-15 09:52:05][[CMD] su - root -c "echo \"hello world\"" &]
[DEBUG][INFO][2017-03-15 09:52:05][Crontab Run [su - root -c "echo \"hello world\"" &] Done]
[DEBUG][INFO][2017-03-15 09:52:06][Crontab Log Rotate Starting]
[DEBUG][INFO][2017-03-15 09:52:06][Crontab Log Set Starting]
[DEBUG][INFO][2017-03-15 09:52:06][Crontab Log Set Done]
[DEBUG][INFO][2017-03-15 09:52:06][Crontab Log Rotate Done]
[DEBUG][INFO][2017-03-15 09:52:06][Crontab Getting Systime]
[DEBUG][INFO][2017-03-15 09:52:06][Crontab Get Systime Done]
[DEBUG][INFO][2017-03-15 09:52:06][Crontab CFG Reading]
[DEBUG][INFO][2017-03-15 09:52:06][Crontab CFG Read Done]
[DEBUG][INFO][2017-03-15 09:52:06][Crontab CFG Checking]
[DEBUG][INFO][2017-03-15 09:52:06][Crontab CFG Check Done]
[DEBUG][INFO][2017-03-15 09:52:06][Crontab Initial Done]
[DEBUG][INFO][2017-03-15 09:52:06][Crontab Running]
[DEBUG][INFO][2017-03-15 09:52:06][[114841][Process-43][True]]
[DEBUG][INFO][2017-03-15 09:52:06][Crontab Done]
[DEBUG][INFO][2017-03-15 09:52:06][Crontab Running Command]
[DEBUG][INFO][2017-03-15 09:52:06][[CMD] su - root -c "echo \"hello world\"" &]
[DEBUG][INFO][2017-03-15 09:52:06][Crontab Run [su - root -c "echo \"hello world\"" &] Done]
[DEBUG][INFO][2017-03-15 09:52:07][Crontab Log Rotate Starting]
[DEBUG][INFO][2017-03-15 09:52:07][Crontab Log Set Starting]
[DEBUG][INFO][2017-03-15 09:52:07][Crontab Log Set Done]
[DEBUG][INFO][2017-03-15 09:52:07][Crontab Log Rotate Done]
[DEBUG][INFO][2017-03-15 09:52:07][Crontab Getting Systime]
[DEBUG][INFO][2017-03-15 09:52:07][Crontab Get Systime Done]
[DEBUG][INFO][2017-03-15 09:52:07][Crontab CFG Reading]
[DEBUG][INFO][2017-03-15 09:52:07][Crontab CFG Read Done]
[DEBUG][INFO][2017-03-15 09:52:07][Crontab CFG Checking]
[DEBUG][INFO][2017-03-15 09:52:07][Crontab CFG Check Done]
[DEBUG][INFO][2017-03-15 09:52:07][Crontab Initial Done]
[DEBUG][INFO][2017-03-15 09:52:07][Crontab Running]
[DEBUG][INFO][2017-03-15 09:52:07][[115062][Process-44][True]]
[DEBUG][INFO][2017-03-15 09:52:07][Crontab Done]
[DEBUG][INFO][2017-03-15 09:52:07][Crontab Running Command]
[DEBUG][INFO][2017-03-15 09:52:07][[CMD] su - root -c "echo \"hello world\"" &]
[DEBUG][INFO][2017-03-15 09:52:07][Crontab Run [su - root -c "echo \"hello world\"" &] Done]
[DEBUG][INFO][2017-03-15 09:52:08][Crontab Log Rotate Starting]
[DEBUG][INFO][2017-03-15 09:52:08][Crontab Log Set Starting]
[DEBUG][INFO][2017-03-15 09:52:08][Crontab Log Set Done]
[DEBUG][INFO][2017-03-15 09:52:08][Crontab Log Rotate Done]
[DEBUG][INFO][2017-03-15 09:52:08][Crontab Getting Systime]
[DEBUG][INFO][2017-03-15 09:52:08][Crontab Get Systime Done]
[DEBUG][INFO][2017-03-15 09:52:08][Crontab CFG Reading]
[DEBUG][INFO][2017-03-15 09:52:08][Crontab CFG Read Done]
[DEBUG][INFO][2017-03-15 09:52:08][Crontab CFG Checking]
[DEBUG][INFO][2017-03-15 09:52:08][Crontab CFG Check Done]
[DEBUG][INFO][2017-03-15 09:52:08][Crontab Initial Done]
[DEBUG][INFO][2017-03-15 09:52:08][Crontab Running]
[DEBUG][INFO][2017-03-15 09:52:08][[115085][Process-45][True]]
[DEBUG][INFO][2017-03-15 09:52:08][Crontab Done]
[DEBUG][INFO][2017-03-15 09:52:08][Crontab Running Command]
[DEBUG][INFO][2017-03-15 09:52:08][[CMD] su - root -c "echo \"hello world\"" &]
[DEBUG][INFO][2017-03-15 09:52:08][Crontab Run [su - root -c "echo \"hello world\"" &] Done]
[DEBUG][INFO][2017-03-15 09:52:09][Crontab Log Rotate Starting]
[DEBUG][INFO][2017-03-15 09:52:09][Crontab Log Set Starting]
[DEBUG][INFO][2017-03-15 09:52:09][Crontab Log Set Done]
[DEBUG][INFO][2017-03-15 09:52:09][Crontab Log Rotate Done]
[DEBUG][INFO][2017-03-15 09:52:09][Crontab Getting Systime]
[DEBUG][INFO][2017-03-15 09:52:09][Crontab Get Systime Done]
[DEBUG][INFO][2017-03-15 09:52:09][Crontab CFG Reading]
[DEBUG][INFO][2017-03-15 09:52:09][Crontab CFG Read Done]
[DEBUG][INFO][2017-03-15 09:52:09][Crontab CFG Checking]
[DEBUG][INFO][2017-03-15 09:52:09][Crontab CFG Check Done]
[DEBUG][INFO][2017-03-15 09:52:09][Crontab Initial Done]
[DEBUG][INFO][2017-03-15 09:52:09][Crontab Running]
[DEBUG][INFO][2017-03-15 09:52:09][[115134][Process-46][True]]
[DEBUG][INFO][2017-03-15 09:52:09][Crontab Done]
[DEBUG][INFO][2017-03-15 09:52:09][Crontab Running Command]
[DEBUG][INFO][2017-03-15 09:52:09][[CMD] su - root -c "echo \"hello world\"" &]
[DEBUG][INFO][2017-03-15 09:52:09][Crontab Run [su - root -c "echo \"hello world\"" &] Done]
[DEBUG][INFO][2017-03-15 09:52:10][Crontab Log Rotate Starting]
[DEBUG][INFO][2017-03-15 09:52:10][Crontab Log Set Starting]
[DEBUG][INFO][2017-03-15 09:52:10][Crontab Log Set Done]
[DEBUG][INFO][2017-03-15 09:52:10][Crontab Log Rotate Done]
[DEBUG][INFO][2017-03-15 09:52:10][Crontab Getting Systime]
[DEBUG][INFO][2017-03-15 09:52:10][Crontab Get Systime Done]
[DEBUG][INFO][2017-03-15 09:52:10][Crontab CFG Reading]
[DEBUG][INFO][2017-03-15 09:52:10][Crontab CFG Read Done]
[DEBUG][INFO][2017-03-15 09:52:10][Crontab CFG Checking]
[DEBUG][INFO][2017-03-15 09:52:10][Crontab CFG Check Done]
[DEBUG][INFO][2017-03-15 09:52:10][Crontab Initial Done]
[DEBUG][INFO][2017-03-15 09:52:10][Crontab Running]
[DEBUG][INFO][2017-03-15 09:52:10][[115172][Process-47][True]]
[DEBUG][INFO][2017-03-15 09:52:10][Crontab Done]
[DEBUG][INFO][2017-03-15 09:52:10][Crontab Running Command]
[DEBUG][INFO][2017-03-15 09:52:10][[CMD] su - root -c "echo \"hello world\"" &]
[DEBUG][INFO][2017-03-15 09:52:10][Crontab Run [su - root -c "echo \"hello world\"" &] Done]
[DEBUG][INFO][2017-03-15 09:52:11][Crontab Log Rotate Starting]
[DEBUG][INFO][2017-03-15 09:52:11][Crontab Log Set Starting]
[DEBUG][INFO][2017-03-15 09:52:11][Crontab Log Set Done]
[DEBUG][INFO][2017-03-15 09:52:11][Crontab Log Rotate Done]
[DEBUG][INFO][2017-03-15 09:52:11][Crontab Getting Systime]
[DEBUG][INFO][2017-03-15 09:52:11][Crontab Get Systime Done]
[DEBUG][INFO][2017-03-15 09:52:11][Crontab CFG Reading]
[DEBUG][INFO][2017-03-15 09:52:11][Crontab CFG Read Done]
[DEBUG][INFO][2017-03-15 09:52:11][Crontab CFG Checking]
[DEBUG][INFO][2017-03-15 09:52:11][Crontab CFG Check Done]
[DEBUG][INFO][2017-03-15 09:52:11][Crontab Initial Done]
[DEBUG][INFO][2017-03-15 09:52:11][Crontab Running]
[DEBUG][INFO][2017-03-15 09:52:11][[115218][Process-48][True]]
[DEBUG][INFO][2017-03-15 09:52:11][Crontab Running Command]
[DEBUG][INFO][2017-03-15 09:52:11][Crontab Done]
[DEBUG][INFO][2017-03-15 09:52:11][[CMD] su - root -c "echo \"hello world\"" &]
[DEBUG][INFO][2017-03-15 09:52:11][Crontab Run [su - root -c "echo \"hello world\"" &] Done]
[DEBUG][INFO][2017-03-15 09:52:12][Crontab Log Rotate Starting]
[DEBUG][INFO][2017-03-15 09:52:12][Crontab Log Set Starting]
[DEBUG][INFO][2017-03-15 09:52:12][Crontab Log Set Done]
[DEBUG][INFO][2017-03-15 09:52:12][Crontab Log Rotate Done]
[DEBUG][INFO][2017-03-15 09:52:12][Crontab Getting Systime]
[DEBUG][INFO][2017-03-15 09:52:12][Crontab Get Systime Done]
[DEBUG][INFO][2017-03-15 09:52:12][Crontab CFG Reading]
[DEBUG][INFO][2017-03-15 09:52:12][Crontab CFG Read Done]
[DEBUG][INFO][2017-03-15 09:52:12][Crontab CFG Checking]
[DEBUG][INFO][2017-03-15 09:52:12][Crontab CFG Check Done]
[DEBUG][INFO][2017-03-15 09:52:12][Crontab Initial Done]
[DEBUG][INFO][2017-03-15 09:52:12][Crontab Running]
[DEBUG][INFO][2017-03-15 09:52:12][[115243][Process-49][True]]
[DEBUG][INFO][2017-03-15 09:52:12][Crontab Done]
[DEBUG][INFO][2017-03-15 09:52:12][Crontab Running Command]
[DEBUG][INFO][2017-03-15 09:52:12][[CMD] su - root -c "echo \"hello world\"" &]
[DEBUG][INFO][2017-03-15 09:52:12][Crontab Run [su - root -c "echo \"hello world\"" &] Done]
[DEBUG][INFO][2017-03-15 09:52:13][Crontab Log Rotate Starting]
[DEBUG][INFO][2017-03-15 09:52:13][Crontab Log Set Starting]
[DEBUG][INFO][2017-03-15 09:52:13][Crontab Log Set Done]
[DEBUG][INFO][2017-03-15 09:52:13][Crontab Log Rotate Done]
[DEBUG][INFO][2017-03-15 09:52:13][Crontab Getting Systime]
[DEBUG][INFO][2017-03-15 09:52:13][Crontab Get Systime Done]
[DEBUG][INFO][2017-03-15 09:52:13][Crontab CFG Reading]
[DEBUG][INFO][2017-03-15 09:52:13][Crontab CFG Read Done]
[DEBUG][INFO][2017-03-15 09:52:13][Crontab CFG Checking]
[DEBUG][INFO][2017-03-15 09:52:13][Crontab CFG Check Done]
[DEBUG][INFO][2017-03-15 09:52:13][Crontab Initial Done]
[DEBUG][INFO][2017-03-15 09:52:13][Crontab Running]
[DEBUG][INFO][2017-03-15 09:52:13][[115262][Process-50][True]]
[DEBUG][INFO][2017-03-15 09:52:13][Crontab Done]
[DEBUG][INFO][2017-03-15 09:52:13][Crontab Running Command]
[DEBUG][INFO][2017-03-15 09:52:13][[CMD] su - root -c "echo \"hello world\"" &]
[DEBUG][INFO][2017-03-15 09:52:13][Crontab Run [su - root -c "echo \"hello world\"" &] Done]
[DEBUG][INFO][2017-03-15 09:52:14][Crontab Log Rotate Starting]
[DEBUG][INFO][2017-03-15 09:52:14][Crontab Log Set Starting]
[DEBUG][INFO][2017-03-15 09:52:14][Crontab Log Set Done]
[DEBUG][INFO][2017-03-15 09:52:14][Crontab Log Rotate Done]
[DEBUG][INFO][2017-03-15 09:52:14][Crontab Getting Systime]
[DEBUG][INFO][2017-03-15 09:52:14][Crontab Get Systime Done]
[DEBUG][INFO][2017-03-15 09:52:14][Crontab CFG Reading]
[DEBUG][INFO][2017-03-15 09:52:14][Crontab CFG Read Done]
[DEBUG][INFO][2017-03-15 09:52:14][Crontab CFG Checking]
[DEBUG][INFO][2017-03-15 09:52:14][Crontab CFG Check Done]
[DEBUG][INFO][2017-03-15 09:52:14][Crontab Initial Done]
[DEBUG][INFO][2017-03-15 09:52:14][Crontab Running]
[DEBUG][INFO][2017-03-15 09:52:14][[115284][Process-51][True]]
[DEBUG][INFO][2017-03-15 09:52:14][Crontab Done]
[DEBUG][INFO][2017-03-15 09:52:14][Crontab Running Command]
[DEBUG][INFO][2017-03-15 09:52:14][[CMD] su - root -c "echo \"hello world\"" &]
[DEBUG][INFO][2017-03-15 09:52:14][Crontab Run [su - root -c "echo \"hello world\"" &] Done]
[DEBUG][INFO][2017-03-15 09:52:15][Crontab Log Rotate Starting]
[DEBUG][INFO][2017-03-15 09:52:15][Crontab Log Set Starting]
[DEBUG][INFO][2017-03-15 09:52:15][Crontab Log Set Done]
[DEBUG][INFO][2017-03-15 09:52:15][Crontab Log Rotate Done]
[DEBUG][INFO][2017-03-15 09:52:15][Crontab Getting Systime]
[DEBUG][INFO][2017-03-15 09:52:15][Crontab Get Systime Done]
[DEBUG][INFO][2017-03-15 09:52:15][Crontab CFG Reading]
[DEBUG][INFO][2017-03-15 09:52:15][Crontab CFG Read Done]
[DEBUG][INFO][2017-03-15 09:52:15][Crontab CFG Checking]
[DEBUG][INFO][2017-03-15 09:52:15][Crontab CFG Check Done]
[DEBUG][INFO][2017-03-15 09:52:15][Crontab Initial Done]
[DEBUG][INFO][2017-03-15 09:52:15][Crontab Running]
[DEBUG][INFO][2017-03-15 09:52:15][[115302][Process-52][True]]
[DEBUG][INFO][2017-03-15 09:52:15][Crontab Done]
[DEBUG][INFO][2017-03-15 09:52:15][Crontab Running Command]
[DEBUG][INFO][2017-03-15 09:52:15][[CMD] su - root -c "echo \"hello world\"" &]
[DEBUG][INFO][2017-03-15 09:52:15][Crontab Run [su - root -c "echo \"hello world\"" &] Done]
